C51 COMPILER V7.50   TIMER                                                                 08/04/2014 23:19:50 PAGE 1   


C51 COMPILER V7.50, COMPILATION OF MODULE TIMER
OBJECT MODULE PLACED IN .\Output\timer.obj
COMPILER INVOKED BY: C:\Keil\C51\BIN\C51.EXE source\timer.c BROWSE INCDIR(.\source) DEBUG OBJECTEXTEND PRINT(.\Listing\t
                    -imer.lst) OBJECT(.\Output\timer.obj)

line level    source

   1          #include <timer.h>
   2          #include <reg52.h>
   3          #include <intrins.h>
   4          #include <parameter.h>
   5          #include <key.h>
   6          
   7          typedef unsigned char BYTE;
   8          typedef unsigned int WORD;
   9          
  10          //-----------------------------------------------
  11          
  12          /* define constants */
  13          #define FOSC 11059200L
  14          //#define MODE1T                      //Timer clock mode, comment this line is 12T mode, uncomment is 1T m
             -ode
  15          
  16          #ifdef MODE1T
              #define T1MS (65536-FOSC/1000)      //1ms timer calculation method in 1T mode
              #else
  19          #define T1MS (65536-FOSC/12/1000)   //1ms timer calculation method in 12T mode
  20          #endif
  21          
  22          /* define SFR */
  23          sfr AUXR = 0x8e;                    //Auxiliary register
  24          
  25          /* define variables */
  26          WORD count;                         //1000 times counter
  27          
  28          //-----------------------------------------------
  29          
  30          /* Timer0 interrupt routine */
  31          void tm0_isr() interrupt 1 using 1
  32          {
  33   1          TL0 = T1MS;                     //reload timer0 low byte
  34   1          TH0 = T1MS >> 8;                //reload timer0 high byte
  35   1          if (count-- == 0)               //1ms * 1000 -> 1s
  36   1          {
  37   2              count = 20;               //reset counter  
  38   2          }
  39   1              TestOut = ! TestOut;      //work LED flash
  40   1      }
  41          
  42          //-----------------------------------------------
  43          
  44          /* main program */
  45          void timer_init()
  46          {
  47   1      #ifdef MODE1T
                  AUXR = 0x80;                    //timer0 work in 1T mode
              #endif
  50   1          TMOD = 0x01;                    //set timer0 as mode1 (16-bit)
  51   1          TL0 = T1MS;                     //initial timer0 low byte
  52   1          TH0 = T1MS >> 8;                //initial timer0 high byte
  53   1          TR0 = 1;                        //timer0 start running
C51 COMPILER V7.50   TIMER                                                                 08/04/2014 23:19:50 PAGE 2   

  54   1          ET0 = 1;                        //enable timer0 interrupt
  55   1          EA = 1;                         //open global interrupt switch
  56   1          count = 0;                      //initial counter
  57   1      }
  58          
  59          


MODULE INFORMATION:   STATIC OVERLAYABLE
   CODE SIZE        =     59    ----
   CONSTANT SIZE    =   ----    ----
   XDATA SIZE       =   ----    ----
   PDATA SIZE       =   ----    ----
   DATA SIZE        =      2    ----
   IDATA SIZE       =   ----    ----
   BIT SIZE         =   ----    ----
END OF MODULE INFORMATION.


C51 COMPILATION COMPLETE.  0 WARNING(S),  0 ERROR(S)
